<?xml version="1.0" encoding="UTF-8"?>
<!-- Generated by org.testng.reporters.JUnitReportReporter -->
<testsuite hostname="Shiva" failures="0" tests="3" name="practice.testng.ContactTet" time="0.019" errors="0" timestamp="19 Aug 2024 05:09:25 GMT" skipped="0">
  <testcase classname="practice.testng.ContactTet" name="createContactTest" time="0.008"/>
  <testcase classname="practice.testng.ContactTet" name="modifyContactTest" time="0.003"/>
  <testcase classname="practice.testng.ContactTet" name="deleteContactTest" time="0.008"/>
</testsuite> <!-- practice.testng.ContactTet -->
