<?xml version="1.0" encoding="UTF-8"?>
<!-- Generated by org.testng.reporters.JUnitReportReporter -->
<testsuite hostname="Shiva" failures="0" tests="2" name="com.crm.comcast.orgtestng.practice.CreateOrgTest" time="0.008" errors="0" timestamp="21 Aug 2024 10:40:24 GMT" skipped="0">
  <testcase classname="com.crm.comcast.orgtestng.practice.CreateOrgTest" name="createOrgTest" time="0.007"/>
  <testcase classname="com.crm.comcast.orgtestng.practice.CreateOrgTest" name="createOrgWithIndustry" time="0.001"/>
</testsuite> <!-- com.crm.comcast.orgtestng.practice.CreateOrgTest -->
