<?xml version="1.0" encoding="UTF-8"?>
<!-- Generated by org.testng.reporters.JUnitReportReporter -->
<testsuite hostname="Shiva" failures="0" tests="3" name="practice.testng.CreateContact_DataproviderTest" time="0.028" errors="0" timestamp="21 Aug 2024 05:10:31 GMT" skipped="0">
  <testcase classname="practice.testng.CreateContact_DataproviderTest" name="createContactTest" time="0.005"/>
  <testcase classname="practice.testng.CreateContact_DataproviderTest" name="createContactTest" time="0.008"/>
  <testcase classname="practice.testng.CreateContact_DataproviderTest" name="createContactTest" time="0.015"/>
</testsuite> <!-- practice.testng.CreateContact_DataproviderTest -->
