<?xml version="1.0" encoding="UTF-8"?>
<!-- Generated by org.testng.reporters.JUnitReportReporter -->
<testsuite hostname="Shiva" failures="0" tests="1" name="practice.testng.SampleReportTest" time="5.863" errors="0" timestamp="03 Sep 2024 04:47:21 GMT" skipped="0">
  <testcase classname="practice.testng.SampleReportTest" name="createContactTet" time="5.863"/>
</testsuite> <!-- practice.testng.SampleReportTest -->
