<?xml version="1.0" encoding="UTF-8"?>
<!-- Generated by org.testng.reporters.JUnitReportReporter -->
<testsuite hostname="Shiva" failures="0" tests="10" name="practice.testng.CreateOrderInvocationTest" time="0.043" errors="0" timestamp="19 Aug 2024 10:00:51 GMT" skipped="0">
  <testcase classname="practice.testng.CreateOrderInvocationTest" name="createOrdertest" time="0.010"/>
  <testcase classname="practice.testng.CreateOrderInvocationTest" name="createOrdertest" time="0.002"/>
  <testcase classname="practice.testng.CreateOrderInvocationTest" name="createOrdertest" time="0.003"/>
  <testcase classname="practice.testng.CreateOrderInvocationTest" name="createOrdertest" time="0.003"/>
  <testcase classname="practice.testng.CreateOrderInvocationTest" name="createOrdertest" time="0.001"/>
  <testcase classname="practice.testng.CreateOrderInvocationTest" name="createOrdertest" time="0.001"/>
  <testcase classname="practice.testng.CreateOrderInvocationTest" name="createOrdertest" time="0.010"/>
  <testcase classname="practice.testng.CreateOrderInvocationTest" name="createOrdertest" time="0.003"/>
  <testcase classname="practice.testng.CreateOrderInvocationTest" name="createOrdertest" time="0.005"/>
  <testcase classname="practice.testng.CreateOrderInvocationTest" name="createOrdertest" time="0.005"/>
</testsuite> <!-- practice.testng.CreateOrderInvocationTest -->
