<?xml version="1.0" encoding="UTF-8"?>
<!-- Generated by org.testng.reporters.JUnitReportReporter -->
<testsuite hostname="Shiva" failures="0" tests="2" name="practice.homePage.HomePageVerificationTest" time="0.027" errors="0" timestamp="2024-08-26T15:35:07 IST" skipped="0">
  <testcase classname="practice.homePage.HomePageVerificationTest" name="homePageTest" time="0.021"/>
  <testcase classname="practice.homePage.HomePageVerificationTest" name="verifyLogoHomePageTest" time="0.006"/>
</testsuite> <!-- practice.homePage.HomePageVerificationTest -->
