<?xml version="1.0" encoding="UTF-8"?>
<!-- Generated by org.testng.reporters.JUnitReportReporter -->
<testsuite hostname="Shiva" failures="0" tests="1" name="practice.testng.SampleTest" time="0.009" errors="0" timestamp="14 Aug 2024 07:29:00 GMT" skipped="0">
  <testcase classname="practice.testng.SampleTest" name="test1" time="0.009"/>
</testsuite> <!-- practice.testng.SampleTest -->
