<?xml version="1.0" encoding="UTF-8"?>
<!-- Generated by org.testng.reporters.JUnitReportReporter -->
<testsuite hostname="Shiva" failures="0" tests="1" name="practice.testng.SampleTestForScreenshot" time="5.421" errors="0" timestamp="2024-08-27T12:05:34 IST" skipped="0">
  <testcase classname="practice.testng.SampleTestForScreenshot" name="amazonTest" time="5.421"/>
</testsuite> <!-- practice.testng.SampleTestForScreenshot -->
