<?xml version="1.0" encoding="UTF-8"?>
<!-- Generated by org.testng.reporters.JUnitReportReporter -->
<testsuite hostname="Shiva" failures="0" tests="1" name="practice.DataDrivenTeting.CreateOrgTestUsingJSON" time="57.985" errors="0" timestamp="02 Aug 2024 18:02:39 GMT" skipped="0">
  <testcase classname="practice.DataDrivenTeting.CreateOrgTestUsingJSON" name="CreateOrgTest" time="57.985"/>
</testsuite> <!-- practice.DataDrivenTeting.CreateOrgTestUsingJSON -->
