<?xml version="1.0" encoding="UTF-8"?>
<!-- Generated by org.testng.reporters.JUnitReportReporter -->
<testsuite hostname="Shiva" failures="0" tests="2" name="com.crm.comcast.contacttestng.practice.CreateContactTest" time="0.011" errors="0" timestamp="21 Aug 2024 10:40:24 GMT" skipped="0">
  <testcase classname="com.crm.comcast.contacttestng.practice.CreateContactTest" name="createContact" time="0.006"/>
  <testcase classname="com.crm.comcast.contacttestng.practice.CreateContactTest" name="createContactwithSupportDate" time="0.005"/>
</testsuite> <!-- com.crm.comcast.contacttestng.practice.CreateContactTest -->
